<?xml version="1.0" encoding="UTF-8"?>
<!-- Generated by org.testng.reporters.JUnitReportReporter -->
<testsuite hostname="DESKTOP-8E2ASUK" failures="0" tests="10" name="runnerPack.TestRunner" time="153.319" errors="0" timestamp="2021-11-22T11:49:43 GMT-08:00" skipped="0">
  <testcase classname="runnerPack.TestRunner" name="runScenario" time="18.978"/>
  <system-out/>
  <testcase classname="runnerPack.TestRunner" name="runScenario" time="20.331"/>
  <system-out/>
  <testcase classname="runnerPack.TestRunner" name="runScenario" time="13.930"/>
  <system-out/>
  <testcase classname="runnerPack.TestRunner" name="runScenario" time="13.608"/>
  <system-out/>
  <testcase classname="runnerPack.TestRunner" name="runScenario" time="17.846"/>
  <system-out/>
  <testcase classname="runnerPack.TestRunner" name="runScenario" time="15.285"/>
  <system-out/>
  <testcase classname="runnerPack.TestRunner" name="runScenario" time="10.331"/>
  <system-out/>
  <testcase classname="runnerPack.TestRunner" name="runScenario" time="9.781"/>
  <system-out/>
  <testcase classname="runnerPack.TestRunner" name="runScenario" time="12.750"/>
  <system-out/>
  <testcase classname="runnerPack.TestRunner" name="runScenario" time="20.479"/>
  <system-out/>
</testsuite> <!-- runnerPack.TestRunner -->
