<?xml version="1.0" encoding="UTF-8"?>
<!-- Generated by org.testng.reporters.JUnitReportReporter -->
<testsuite hostname="DESKTOP-8E2ASUK" failures="0" tests="7" name="com.mindtree.runner.TestRunner" time="104.775" errors="0" timestamp="2021-11-21T17:27:19 GMT-08:00" skipped="0">
  <testcase classname="com.mindtree.runner.TestRunner" name="runScenario" time="17.410"/>
  <system-out/>
  <testcase classname="com.mindtree.runner.TestRunner" name="runScenario" time="11.258"/>
  <system-out/>
  <testcase classname="com.mindtree.runner.TestRunner" name="runScenario" time="10.515"/>
  <system-out/>
  <testcase classname="com.mindtree.runner.TestRunner" name="runScenario" time="14.039"/>
  <system-out/>
  <testcase classname="com.mindtree.runner.TestRunner" name="runScenario" time="14.281"/>
  <system-out/>
  <testcase classname="com.mindtree.runner.TestRunner" name="runScenario" time="14.507"/>
  <system-out/>
  <testcase classname="com.mindtree.runner.TestRunner" name="runScenario" time="22.765"/>
  <system-out/>
</testsuite> <!-- com.mindtree.runner.TestRunner -->
