<?xml version="1.0" encoding="UTF-8"?>
<!-- Generated by org.testng.reporters.JUnitReportReporter -->
<testsuite ignored="0" hostname="DESKTOP-8E2ASUK" failures="0" tests="1" name="package1.comprehensive.AppTest" time="20.268" errors="0" timestamp="17 Nov 2021 22:40:08 GMT" skipped="0">
  <testcase classname="package1.comprehensive.AppTest" name="addToWishlist" time="20.268"/>
</testsuite> <!-- package1.comprehensive.AppTest -->
