<?xml version="1.0" encoding="UTF-8"?>
<!-- Generated by org.testng.reporters.JUnitReportReporter -->
<testsuite hostname="DESKTOP-8E2ASUK" failures="0" tests="2" name="package1.comprehensive.AppTestTest" time="40.283" errors="0" timestamp="2021-11-18T17:42:06 GMT-08:00" skipped="0">
  <testcase classname="package1.comprehensive.AppTestTest" name="loginTest" time="20.807"/>
  <system-out/>
  <testcase classname="package1.comprehensive.AppTestTest" name="loginTest" time="19.476"/>
  <system-out/>
</testsuite> <!-- package1.comprehensive.AppTestTest -->
