<?xml version="1.0" encoding="UTF-8"?>
<!-- Generated by org.testng.reporters.JUnitReportReporter -->
<testsuite hostname="DESKTOP-8E2ASUK" failures="0" tests="11" name="package2.AppTestTest" time="180.981" errors="0" timestamp="2021-11-22T10:34:08 GMT-08:00" skipped="0">
  <testcase classname="package2.AppTestTest" name="pincodeCheckAndValidate" time="21.307"/>
  <system-out/>
  <testcase classname="package2.AppTestTest" name="SignUp" time="17.713"/>
  <system-out/>
  <testcase classname="package2.AppTestTest" name="giftCardTest" time="17.510"/>
  <system-out/>
  <testcase classname="package2.AppTestTest" name="addToWishlistTest" time="23.403"/>
  <system-out/>
  <testcase classname="package2.AppTestTest" name="newLetterSubscribe" time="10.237"/>
  <system-out/>
  <testcase classname="package2.AppTestTest" name="contactUspage" time="16.208"/>
  <system-out/>
  <testcase classname="package2.AppTestTest" name="loginTest" time="15.694"/>
  <system-out/>
  <testcase classname="package2.AppTestTest" name="searchTest" time="16.748"/>
  <system-out/>
  <testcase classname="package2.AppTestTest" name="validateTitle" time="8.807"/>
  <system-out/>
  <testcase classname="package2.AppTestTest" name="loginTest" time="17.616"/>
  <system-out/>
  <testcase classname="package2.AppTestTest" name="giftEnquiry" time="15.738"/>
  <system-out/>
</testsuite> <!-- package2.AppTestTest -->
